<?xml version="1.0" encoding="UTF-8"?>
<!-- Generated by org.testng.reporters.JUnitXMLReporter -->
<testsuite ignored="0" hostname="DESKTOP-24DNO7V" failures="0" tests="4" name="Ashiq" time="0.117" errors="0" timestamp="2021-11-18T11:06:16 EST">
  <testcase classname="ParametrizingILisnersDataProvider.Utilities" name="@BeforeClass beforeClass" time="-1.637251576265E9">
    <failure type="org.testng.TestNGException" message="
Method beforeClass requires 2 parameters but 1 were supplied in the BeforeClass annotation.">
      <![CDATA[org.testng.TestNGException: 
Method beforeClass requires 2 parameters but 1 were supplied in the BeforeClass annotation.
at java.base/java.util.ArrayList.forEach(ArrayList.java:1511)
at java.base/java.util.concurrent.FutureTask.run(FutureTask.java:264)
at java.base/java.util.concurrent.ThreadPoolExecutor.runWorker(ThreadPoolExecutor.java:1130)
at java.base/java.util.concurrent.ThreadPoolExecutor$Worker.run(ThreadPoolExecutor.java:630)
at java.base/java.lang.Thread.run(Thread.java:832)
... Removed 13 stack frames]]>
    </failure>
  </testcase> <!-- @BeforeClass beforeClass -->
  <testcase classname="ParametrizingILisnersDataProvider.Utilities" name="@AfterClass afterClass" time="-1.637251576344E9">
    <skipped/>
  </testcase> <!-- @AfterClass afterClass -->
  <testcase classname="ParametrizingILisnersDataProvider.Utilities" name="f" time="0.0">
    <skipped/>
  </testcase> <!-- f -->
  <testcase classname="IListnersDataProvider.provider" name="f" time="0.0">
    <skipped/>
  </testcase> <!-- f -->
  <testcase classname="IListnersDataProvider.provider" name="f" time="0.0">
    <skipped/>
  </testcase> <!-- f -->
  <testcase classname="IListnersDataProvider.provider" name="f" time="0.0">
    <skipped/>
  </testcase> <!-- f -->
</testsuite> <!-- Ashiq -->
